This is pdfTeX, Version 3.1415926-2.5-1.40.14 (MiKTeX 2.9 64-bit) (preloaded format=pdflatex 2014.5.29)  6 APR 2015 01:16
entering extended mode
**C:/Advancement/advancement-Georgi-Dinolov.tex
(C:/Advancement/advancement-Georgi-Dinolov.tex
LaTeX2e <2011/06/27>
Babel <v3.8m> and hyphenation patterns for english, afrikaans, ancientgreek, ar
abic, armenian, assamese, basque, bengali, bokmal, bulgarian, catalan, coptic, 
croatian, czech, danish, dutch, esperanto, estonian, farsi, finnish, french, ga
lician, german, german-x-2013-05-26, greek, gujarati, hindi, hungarian, iceland
ic, indonesian, interlingua, irish, italian, kannada, kurmanji, latin, latvian,
 lithuanian, malayalam, marathi, mongolian, mongolianlmc, monogreek, ngerman, n
german-x-2013-05-26, nynorsk, oriya, panjabi, pinyin, polish, portuguese, roman
ian, russian, sanskrit, serbian, slovak, slovenian, spanish, swedish, swissgerm
an, tamil, telugu, turkish, turkmen, ukenglish, ukrainian, uppersorbian, usengl
ishmax, welsh, loaded.
("C:\Program Files\MiKTeX 2.9\tex\latex\base\report.cls"
Document Class: report 2007/10/19 v1.4h Standard LaTeX document class
("C:\Program Files\MiKTeX 2.9\tex\latex\base\size11.clo"
File: size11.clo 2007/10/19 v1.4h Standard LaTeX file (size option)
)
\c@part=\count79
\c@chapter=\count80
\c@section=\count81
\c@subsection=\count82
\c@subsubsection=\count83
\c@paragraph=\count84
\c@subparagraph=\count85
\c@figure=\count86
\c@table=\count87
\abovecaptionskip=\skip41
\belowcaptionskip=\skip42
\bibindent=\dimen102
)
("C:\Program Files\MiKTeX 2.9\tex\latex\pslatex\pslatex.sty"
Package: pslatex 1996/07/24 v1.2 pslatex emulation (DPC)
LaTeX Font Info:    Redeclaring symbol font `operators' on input line 65.
LaTeX Font Info:    Overwriting symbol font `operators' in version `normal'
(Font)                  OT1/cmr/m/n --> OT1/ptmcm/m/n on input line 65.
LaTeX Font Info:    Overwriting symbol font `operators' in version `bold'
(Font)                  OT1/cmr/bx/n --> OT1/ptmcm/m/n on input line 65.
LaTeX Font Info:    Redeclaring symbol font `letters' on input line 66.
LaTeX Font Info:    Overwriting symbol font `letters' in version `normal'
(Font)                  OML/cmm/m/it --> OML/ptmcm/m/it on input line 66.
LaTeX Font Info:    Overwriting symbol font `letters' in version `bold'
(Font)                  OML/cmm/b/it --> OML/ptmcm/m/it on input line 66.
LaTeX Font Info:    Redeclaring symbol font `symbols' on input line 67.
LaTeX Font Info:    Overwriting symbol font `symbols' in version `normal'
(Font)                  OMS/cmsy/m/n --> OMS/pzccm/m/n on input line 67.
LaTeX Font Info:    Overwriting symbol font `symbols' in version `bold'
(Font)                  OMS/cmsy/b/n --> OMS/pzccm/m/n on input line 67.
LaTeX Font Info:    Redeclaring symbol font `largesymbols' on input line 68.
LaTeX Font Info:    Overwriting symbol font `largesymbols' in version `normal'
(Font)                  OMX/cmex/m/n --> OMX/psycm/m/n on input line 68.
LaTeX Font Info:    Overwriting symbol font `largesymbols' in version `bold'
(Font)                  OMX/cmex/m/n --> OMX/psycm/m/n on input line 68.
\symbold=\mathgroup4
\symitalic=\mathgroup5
LaTeX Font Info:    Redeclaring math alphabet \mathbf on input line 74.
LaTeX Font Info:    Overwriting math alphabet `\mathbf' in version `normal'
(Font)                  OT1/cmr/bx/n --> OT1/ptm/bx/n on input line 74.
LaTeX Font Info:    Overwriting math alphabet `\mathbf' in version `bold'
(Font)                  OT1/cmr/bx/n --> OT1/ptm/bx/n on input line 74.
LaTeX Font Info:    Redeclaring math alphabet \mathit on input line 75.
LaTeX Font Info:    Overwriting math alphabet `\mathit' in version `normal'
(Font)                  OT1/cmr/m/it --> OT1/ptm/m/it on input line 75.
LaTeX Font Info:    Overwriting math alphabet `\mathit' in version `bold'
(Font)                  OT1/cmr/bx/it --> OT1/ptm/m/it on input line 75.
)
("C:\Program Files\MiKTeX 2.9\tex\latex\psnfss\palatino.sty"
Package: palatino 2005/04/12 PSNFSS-v9.2a (SPQR) 
)
("C:\Program Files\MiKTeX 2.9\tex\latex\psnfss\avant.sty"
Package: avant 2005/04/12 PSNFSS-v9.2a (SPQR) 
)
("C:\Program Files\MiKTeX 2.9\tex\latex\graphics\graphicx.sty"
Package: graphicx 1999/02/16 v1.0f Enhanced LaTeX Graphics (DPC,SPQR)

("C:\Program Files\MiKTeX 2.9\tex\latex\graphics\keyval.sty"
Package: keyval 1999/03/16 v1.13 key=value parser (DPC)
\KV@toks@=\toks14
)
("C:\Program Files\MiKTeX 2.9\tex\latex\graphics\graphics.sty"
Package: graphics 2009/02/05 v1.0o Standard LaTeX Graphics (DPC,SPQR)

("C:\Program Files\MiKTeX 2.9\tex\latex\graphics\trig.sty"
Package: trig 1999/03/16 v1.09 sin cos tan (DPC)
)
("C:\Program Files\MiKTeX 2.9\tex\latex\00miktex\graphics.cfg"
File: graphics.cfg 2007/01/18 v1.5 graphics configuration of teTeX/TeXLive
)
Package graphics Info: Driver file: pdftex.def on input line 91.

("C:\Program Files\MiKTeX 2.9\tex\latex\pdftex-def\pdftex.def"
File: pdftex.def 2011/05/27 v0.06d Graphics/color for pdfTeX

("C:\Program Files\MiKTeX 2.9\tex\generic\oberdiek\infwarerr.sty"
Package: infwarerr 2010/04/08 v1.3 Providing info/warning/error messages (HO)
)
("C:\Program Files\MiKTeX 2.9\tex\generic\oberdiek\ltxcmds.sty"
Package: ltxcmds 2011/11/09 v1.22 LaTeX kernel commands for general use (HO)
)
\Gread@gobject=\count88
))
\Gin@req@height=\dimen103
\Gin@req@width=\dimen104
)
("C:\Program Files\MiKTeX 2.9\tex\latex\graphics\color.sty"
Package: color 2005/11/14 v1.0j Standard LaTeX Color (DPC)

("C:\Program Files\MiKTeX 2.9\tex\latex\00miktex\color.cfg"
File: color.cfg 2007/01/18 v1.5 color configuration of teTeX/TeXLive
)
Package color Info: Driver file: pdftex.def on input line 130.
)
("C:\Program Files\MiKTeX 2.9\tex\latex\geometry\geometry.sty"
Package: geometry 2010/09/12 v5.6 Page Geometry

("C:\Program Files\MiKTeX 2.9\tex\generic\oberdiek\ifpdf.sty"
Package: ifpdf 2011/01/30 v2.3 Provides the ifpdf switch (HO)
Package ifpdf Info: pdfTeX in PDF mode is detected.
)
("C:\Program Files\MiKTeX 2.9\tex\generic\oberdiek\ifvtex.sty"
Package: ifvtex 2010/03/01 v1.5 Detect VTeX and its facilities (HO)
Package ifvtex Info: VTeX not detected.
)
("C:\Program Files\MiKTeX 2.9\tex\generic\ifxetex\ifxetex.sty"
Package: ifxetex 2010/09/12 v0.6 Provides ifxetex conditional
)
\Gm@cnth=\count89
\Gm@cntv=\count90
\c@Gm@tempcnt=\count91
\Gm@bindingoffset=\dimen105
\Gm@wd@mp=\dimen106
\Gm@odd@mp=\dimen107
\Gm@even@mp=\dimen108
\Gm@layoutwidth=\dimen109
\Gm@layoutheight=\dimen110
\Gm@layouthoffset=\dimen111
\Gm@layoutvoffset=\dimen112
\Gm@dimlist=\toks15

("C:\Program Files\MiKTeX 2.9\tex\latex\geometry\geometry.cfg"))
(C:\Users\Georgi\AppData\Roaming\MiKTeX\2.9\tex\latex\mh\mathtools.sty
Package: mathtools 2014/05/21 v1.14 mathematical typesetting tools

("C:\Program Files\MiKTeX 2.9\tex\latex\tools\calc.sty"
Package: calc 2007/08/22 v4.3 Infix arithmetic (KKT,FJ)
\calc@Acount=\count92
\calc@Bcount=\count93
\calc@Adimen=\dimen113
\calc@Bdimen=\dimen114
\calc@Askip=\skip43
\calc@Bskip=\skip44
LaTeX Info: Redefining \setlength on input line 76.
LaTeX Info: Redefining \addtolength on input line 77.
\calc@Ccount=\count94
\calc@Cskip=\skip45
)
(C:\Users\Georgi\AppData\Roaming\MiKTeX\2.9\tex\latex\mh\mhsetup.sty
Package: mhsetup 2010/01/21 v1.2a programming setup (MH)
)
("C:\Program Files\MiKTeX 2.9\tex\latex\amsmath\amsmath.sty"
Package: amsmath 2013/01/14 v2.14 AMS math features
\@mathmargin=\skip46

For additional information on amsmath, use the `?' option.
("C:\Program Files\MiKTeX 2.9\tex\latex\amsmath\amstext.sty"
Package: amstext 2000/06/29 v2.01

("C:\Program Files\MiKTeX 2.9\tex\latex\amsmath\amsgen.sty"
File: amsgen.sty 1999/11/30 v2.0
\@emptytoks=\toks16
\ex@=\dimen115
))
("C:\Program Files\MiKTeX 2.9\tex\latex\amsmath\amsbsy.sty"
Package: amsbsy 1999/11/29 v1.2d
\pmbraise@=\dimen116
)
("C:\Program Files\MiKTeX 2.9\tex\latex\amsmath\amsopn.sty"
Package: amsopn 1999/12/14 v2.01 operator names
)
\inf@bad=\count95
LaTeX Info: Redefining \frac on input line 210.
\uproot@=\count96
\leftroot@=\count97
LaTeX Info: Redefining \overline on input line 306.
\classnum@=\count98
\DOTSCASE@=\count99
LaTeX Info: Redefining \ldots on input line 378.
LaTeX Info: Redefining \dots on input line 381.
LaTeX Info: Redefining \cdots on input line 466.
\Mathstrutbox@=\box26
\strutbox@=\box27
\big@size=\dimen117
LaTeX Font Info:    Redeclaring font encoding OML on input line 566.
LaTeX Font Info:    Redeclaring font encoding OMS on input line 567.
\macc@depth=\count100
\c@MaxMatrixCols=\count101
\dotsspace@=\muskip10
\c@parentequation=\count102
\dspbrk@lvl=\count103
\tag@help=\toks17
\row@=\count104
\column@=\count105
\maxfields@=\count106
\andhelp@=\toks18
\eqnshift@=\dimen118
\alignsep@=\dimen119
\tagshift@=\dimen120
\tagwidth@=\dimen121
\totwidth@=\dimen122
\lineht@=\dimen123
\@envbody=\toks19
\multlinegap=\skip47
\multlinetaggap=\skip48
\mathdisplay@stack=\toks20
LaTeX Info: Redefining \[ on input line 2665.
LaTeX Info: Redefining \] on input line 2666.
)
LaTeX Info: Thecontrolsequence`\['isalreadyrobust on input line 129.
LaTeX Info: Thecontrolsequence`\]'isalreadyrobust on input line 129.
\g_MT_multlinerow_int=\count107
\l_MT_multwidth_dim=\dimen124
\origjot=\skip49
\l_MT_shortvdotswithinadjustabove_dim=\dimen125
\l_MT_shortvdotswithinadjustbelow_dim=\dimen126
\l_MT_above_intertext_sep=\dimen127
\l_MT_below_intertext_sep=\dimen128
\l_MT_above_shortintertext_sep=\dimen129
\l_MT_below_shortintertext_sep=\dimen130
)
(C:\Users\Georgi\AppData\Roaming\MiKTeX\2.9\tex\latex\natbib\natbib.sty
Package: natbib 2010/09/13 8.31b (PWD, AO)
\bibhang=\skip50
\bibsep=\skip51
LaTeX Info: Redefining \cite on input line 694.
\c@NAT@ctr=\count108
)
(C:\Users\Georgi\AppData\Roaming\MiKTeX\2.9\tex\latex\caption\caption.sty
Package: caption 2013/05/02 v3.3-89 Customizing captions (AR)

(C:\Users\Georgi\AppData\Roaming\MiKTeX\2.9\tex\latex\caption\caption3.sty
Package: caption3 2013/05/02 v1.6-88 caption3 kernel (AR)
Package caption3 Info: TeX engine: e-TeX on input line 57.
\captionmargin=\dimen131
\captionmargin@=\dimen132
\captionwidth=\dimen133
\caption@tempdima=\dimen134
\caption@indent=\dimen135
\caption@parindent=\dimen136
\caption@hangindent=\dimen137
)
\c@ContinuedFloat=\count109
)
(C:\Users\Georgi\AppData\Roaming\MiKTeX\2.9\tex\latex\caption\subcaption.sty
Package: subcaption 2013/02/03 v1.1-62 Sub-captions (AR)
\c@subfigure=\count110
\c@subtable=\count111
)
(C:\Users\Georgi\AppData\Roaming\MiKTeX\2.9\tex\latex\csvsimple\csvsimple.sty
Package: csvsimple 2014/07/14 version 1.12 LaTeX CSV file processing

(C:\Users\Georgi\AppData\Roaming\MiKTeX\2.9\tex\latex\pgf\utilities\pgfkeys.sty

(C:\Users\Georgi\AppData\Roaming\MiKTeX\2.9\tex\generic\pgf\utilities\pgfkeys.c
ode.tex
\pgfkeys@pathtoks=\toks21
\pgfkeys@temptoks=\toks22

(C:\Users\Georgi\AppData\Roaming\MiKTeX\2.9\tex\generic\pgf\utilities\pgfkeysfi
ltered.code.tex
\pgfkeys@tmptoks=\toks23
))) ("C:\Program Files\MiKTeX 2.9\tex\latex\base\ifthen.sty"
Package: ifthen 2001/05/26 v1.1c Standard LaTeX ifthen package (DPC)
)
\csv@file=\read1
\c@csvinputline=\count112
\c@csvrow=\count113
\c@csvcol=\count114
\csv@out=\write3
)
("C:\Program Files\MiKTeX 2.9\tex\latex\tools\bm.sty"
Package: bm 2004/02/26 v1.1c Bold Symbol Support (DPC/FMi)
LaTeX Info: Redefining \bm on input line 204.
)
(C:\Users\Georgi\AppData\Roaming\MiKTeX\2.9\tex\latex\wrapfig\wrapfig.sty
\wrapoverhang=\dimen138
\WF@size=\dimen139
\c@WF@wrappedlines=\count115
\WF@box=\box28
\WF@everypar=\toks24
Package: wrapfig 2003/01/31  v 3.6
)
(C:\Users\Georgi\AppData\Roaming\MiKTeX\2.9\tex\latex\xcolor\xcolor.sty
Package: xcolor 2007/01/21 v2.11 LaTeX color extensions (UK)

("C:\Program Files\MiKTeX 2.9\tex\latex\00miktex\color.cfg"
File: color.cfg 2007/01/18 v1.5 color configuration of teTeX/TeXLive
)
Package xcolor Info: Driver file: pdftex.def on input line 225.

(C:\Users\Georgi\AppData\Roaming\MiKTeX\2.9\tex\latex\colortbl\colortbl.sty
Package: colortbl 2012/02/13 v1.0a Color table columns (DPC)

("C:\Program Files\MiKTeX 2.9\tex\latex\tools\array.sty"
Package: array 2008/09/09 v2.4c Tabular extension package (FMi)
\col@sep=\dimen140
\extrarowheight=\dimen141
\NC@list=\toks25
\extratabsurround=\skip52
\backup@length=\skip53
)
\everycr=\toks26
\minrowclearance=\skip54
)
LaTeX Info: Redefining \color on input line 702.
\rownum=\count116
Package xcolor Info: Model `cmy' substituted by `cmy0' on input line 1337.
Package xcolor Info: Model `hsb' substituted by `rgb' on input line 1341.
Package xcolor Info: Model `RGB' extended on input line 1353.
Package xcolor Info: Model `HTML' substituted by `rgb' on input line 1355.
Package xcolor Info: Model `Hsb' substituted by `hsb' on input line 1356.
Package xcolor Info: Model `tHsb' substituted by `hsb' on input line 1357.
Package xcolor Info: Model `HSB' substituted by `hsb' on input line 1358.
Package xcolor Info: Model `Gray' substituted by `gray' on input line 1359.
Package xcolor Info: Model `wave' substituted by `hsb' on input line 1360.
)
(C:\Advancement\advancement-Georgi-Dinolov.aux
(C:\Advancement\chapter-1-introduction\chapter-1-introduction.aux)
(C:\Advancement\chapter-2-univariate-case\chapter-2-univariate-case.aux)
(C:\Advancement\chapter-3-two-dimensional-case\chapter-3-two-dimensional-case.a
ux

LaTeX Warning: Label `fig:animals' multiply defined.

) (C:\Advancement\chapter-4-future-work\chapter-4-future-work.aux))
LaTeX Font Info:    Checking defaults for OML/cmm/m/it on input line 41.
LaTeX Font Info:    ... okay on input line 41.
LaTeX Font Info:    Checking defaults for T1/cmr/m/n on input line 41.
LaTeX Font Info:    ... okay on input line 41.
LaTeX Font Info:    Checking defaults for OT1/cmr/m/n on input line 41.
LaTeX Font Info:    ... okay on input line 41.
LaTeX Font Info:    Checking defaults for OMS/pzccm/m/n on input line 41.
LaTeX Font Info:    Try loading font information for OMS+pzccm on input line 41
.

("C:\Program Files\MiKTeX 2.9\tex\latex\psnfss\omspzccm.fd"
File: omspzccm.fd 2000/01/03 Fontinst v1.801 font definitions for OMS/pzccm.
)
LaTeX Font Info:    ... okay on input line 41.
LaTeX Font Info:    Checking defaults for OMX/cmex/m/n on input line 41.
LaTeX Font Info:    ... okay on input line 41.
LaTeX Font Info:    Checking defaults for U/cmr/m/n on input line 41.
LaTeX Font Info:    ... okay on input line 41.
LaTeX Font Info:    Try loading font information for OT1+ppl on input line 41.

("C:\Program Files\MiKTeX 2.9\tex\latex\psnfss\ot1ppl.fd"
File: ot1ppl.fd 2001/06/04 font definitions for OT1/ppl.
)
(C:\Users\Georgi\AppData\Roaming\MiKTeX\2.9\tex\context\base\supp-pdf.mkii
[Loading MPS to PDF converter (version 2006.09.02).]
\scratchcounter=\count117
\scratchdimen=\dimen142
\scratchbox=\box29
\nofMPsegments=\count118
\nofMParguments=\count119
\everyMPshowfont=\toks27
\MPscratchCnt=\count120
\MPscratchDim=\dimen143
\MPnumerator=\count121
\makeMPintoPDFobject=\count122
\everyMPtoPDFconversion=\toks28
)
*geometry* driver: auto-detecting
*geometry* detected driver: pdftex
*geometry* verbose mode - [ preamble ] result:
* driver: pdftex
* paper: a4paper
* layout: <same size as paper>
* layoutoffset:(h,v)=(0.0pt,0.0pt)
* modes: 
* h-part:(L,W,R)=(56.9055pt, 483.69687pt, 56.9055pt)
* v-part:(T,H,B)=(56.9055pt, 731.23584pt, 56.9055pt)
* \paperwidth=597.50787pt
* \paperheight=845.04684pt
* \textwidth=483.69687pt
* \textheight=731.23584pt
* \oddsidemargin=-15.36449pt
* \evensidemargin=-15.36449pt
* \topmargin=-52.36449pt
* \headheight=12.0pt
* \headsep=25.0pt
* \topskip=11.0pt
* \footskip=30.0pt
* \marginparwidth=50.0pt
* \marginparsep=10.0pt
* \columnsep=10.0pt
* \skip\footins=10.0pt plus 4.0pt minus 2.0pt
* \hoffset=0.0pt
* \voffset=0.0pt
* \mag=1000
* \@twocolumnfalse
* \@twosidefalse
* \@mparswitchfalse
* \@reversemarginfalse
* (1in=72.27pt=25.4mm, 1cm=28.453pt)

Package caption Info: Begin \AtBeginDocument code.
Package caption Info: wrapfig package is loaded.
Package caption Info: End \AtBeginDocument code.
LaTeX Font Info:    Try loading font information for OT1+ptmcm on input line 43
.
("C:\Program Files\MiKTeX 2.9\tex\latex\psnfss\ot1ptmcm.fd"
File: ot1ptmcm.fd 2000/01/03 Fontinst v1.801 font definitions for OT1/ptmcm.
)
LaTeX Font Info:    Try loading font information for OML+ptmcm on input line 43
.

("C:\Program Files\MiKTeX 2.9\tex\latex\psnfss\omlptmcm.fd"
File: omlptmcm.fd 2000/01/03 Fontinst v1.801 font definitions for OML/ptmcm.
)
LaTeX Font Info:    Try loading font information for OMX+psycm on input line 43
.

("C:\Program Files\MiKTeX 2.9\tex\latex\psnfss\omxpsycm.fd"
File: omxpsycm.fd 2000/01/03 Fontinst v1.801 font definitions for OMX/psycm.
)
LaTeX Font Info:    Font shape `OT1/ptm/bx/n' in size <12> not available
(Font)              Font shape `OT1/ptm/b/n' tried instead on input line 43.
LaTeX Font Info:    Font shape `OT1/ptm/bx/n' in size <9> not available
(Font)              Font shape `OT1/ptm/b/n' tried instead on input line 43.
LaTeX Font Info:    Font shape `OT1/ptm/bx/n' in size <7> not available
(Font)              Font shape `OT1/ptm/b/n' tried instead on input line 43.
 [1

{C:/Users/Georgi/AppData/Local/MiKTeX/2.9/pdftex/config/pdftex.map}]
LaTeX Font Info:    Font shape `OT1/ppl/bx/n' in size <10.95> not available
(Font)              Font shape `OT1/ppl/b/n' tried instead on input line 45.
 [1] [1]
LaTeX Font Info:    Font shape `OT1/ppl/bx/n' in size <24.88> not available
(Font)              Font shape `OT1/ppl/b/n' tried instead on input line 54.

(C:\Advancement\advancement-Georgi-Dinolov.toc
LaTeX Font Info:    Font shape `OT1/ptm/bx/n' in size <10.95> not available
(Font)              Font shape `OT1/ptm/b/n' tried instead on input line 2.
LaTeX Font Info:    Font shape `OT1/ptm/bx/n' in size <8> not available
(Font)              Font shape `OT1/ptm/b/n' tried instead on input line 2.
LaTeX Font Info:    Font shape `OT1/ptm/bx/n' in size <6> not available
(Font)              Font shape `OT1/ptm/b/n' tried instead on input line 2.
)
\tf@toc=\write4
 [1

]
(C:\Advancement\chapter-1-introduction\chapter-1-introduction.tex
Chapter 1.
LaTeX Font Info:    Font shape `OT1/ppl/bx/n' in size <20.74> not available
(Font)              Font shape `OT1/ppl/b/n' tried instead on input line 1.
LaTeX Font Info:    Font shape `OT1/ppl/bx/n' in size <14.4> not available
(Font)              Font shape `OT1/ppl/b/n' tried instead on input line 3.

<./chapter-1-introduction/SP500-daily-squared-log-returns.pdf, id=16, 289.08pt 
x 361.35pt>
File: ./chapter-1-introduction/SP500-daily-squared-log-returns.pdf Graphic file
 (type pdf)
 <use ./chapter-1-introduction/SP500-daily-squared-log-returns.pdf>
Package pdftex.def Info: ./chapter-1-introduction/SP500-daily-squared-log-retur
ns.pdf used on input line 24.
(pdftex.def)             Requested size: 193.47578pt x 241.8441pt.

<./chapter-1-introduction/SP500-daily-squared-log-returns-constant-vol.pdf, id=
17, 289.08pt x 361.35pt>
File: ./chapter-1-introduction/SP500-daily-squared-log-returns-constant-vol.pdf
 Graphic file (type pdf)

<use ./chapter-1-introduction/SP500-daily-squared-log-returns-constant-vol.pdf>
Package pdftex.def Info: ./chapter-1-introduction/SP500-daily-squared-log-retur
ns-constant-vol.pdf used on input line 31.
(pdftex.def)             Requested size: 193.47578pt x 241.8441pt.

<./chapter-1-introduction/Netflix-daily-squared-log-returns.pdf, id=18, 289.08p
t x 361.35pt>
File: ./chapter-1-introduction/Netflix-daily-squared-log-returns.pdf Graphic fi
le (type pdf)

<use ./chapter-1-introduction/Netflix-daily-squared-log-returns.pdf>
Package pdftex.def Info: ./chapter-1-introduction/Netflix-daily-squared-log-ret
urns.pdf used on input line 37.
(pdftex.def)             Requested size: 193.47578pt x 241.8441pt.

<./chapter-1-introduction/Netflix-daily-squared-log-returns-constant-vol.pdf, i
d=19, 289.08pt x 361.35pt>
File: ./chapter-1-introduction/Netflix-daily-squared-log-returns-constant-vol.p
df Graphic file (type pdf)

<use ./chapter-1-introduction/Netflix-daily-squared-log-returns-constant-vol.pd
f>
Package pdftex.def Info: ./chapter-1-introduction/Netflix-daily-squared-log-ret
urns-constant-vol.pdf used on input line 44.
(pdftex.def)             Requested size: 193.47578pt x 241.8441pt.

Overfull \hbox (9.4739pt too wide) in paragraph at lines 53--57
\OT1/ppl/m/n/10.95 The lit-er-a-ture on volatil-ity as a non-constant pro-cess 
ranges from the early au-tore-gres-sive het-eroskedas-
 []

LaTeX Font Info:    Font shape `OT1/ppl/bx/n' in size <12> not available
(Font)              Font shape `OT1/ppl/b/n' tried instead on input line 58.
[2


] [3 <C:/Advancement/chapter-1-introduction/SP500-daily-squared-log-returns.pdf
> <C:/Advancement/chapter-1-introduction/SP500-daily-squared-log-returns-consta
nt-vol.pdf> <C:/Advancement/chapter-1-introduction/Netflix-daily-squared-log-re
turns.pdf> <C:/Advancement/chapter-1-introduction/Netflix-daily-squared-log-ret
urns-constant-vol.pdf>]
Overfull \hbox (5.12311pt too wide) in paragraph at lines 74--75
[]\OT1/ppl/m/n/10.95 Bollerslev (1986) ex-tended the ARCH($\OML/ptmcm/m/it/10.9
5 p$\OT1/ppl/m/n/10.95 ) model into the GARCH($\OML/ptmcm/m/it/10.95 p; q$\OT1/
ppl/m/n/10.95 ) model, the \OT1/ppl/m/it/10.95 gen-er-al-ized \OT1/ppl/m/n/10.9
5 ARCH,
 []

[4]
Overfull \hbox (5.7095pt too wide) in paragraph at lines 148--150
\OT1/ppl/m/n/10.95 where $\OML/ptmcm/m/it/10.95 W$ \OT1/ppl/m/n/10.95 is Brow-n
-ian mo-tion, $\OML/ptmcm/m/it/10.95 t$ \OT1/ppl/m/n/10.95 is con-tin-u-ous tim
e and $\OML/ptmcm/m/it/10.95 []$ \OT1/ppl/m/n/10.95 is a non-negative pro-cess
 with non-decreasing
 []

[5] [6]) [7]
(C:\Advancement\chapter-2-univariate-case\chapter-2-univariate-case.tex
Chapter 2.
[8



] [9] [10] <g1.pdf, id=78, 289.08pt x 289.08pt>
File: g1.pdf Graphic file (type pdf)
 <use g1.pdf>
Package pdftex.def Info: g1.pdf used on input line 174.
(pdftex.def)             Requested size: 145.11053pt x 145.10866pt.
LaTeX Font Info:    Font shape `OT1/ptm/bx/n' in size <10> not available
(Font)              Font shape `OT1/ptm/b/n' tried instead on input line 175.
LaTeX Font Info:    Font shape `OT1/ptm/bx/n' in size <7.4> not available
(Font)              Font shape `OT1/ptm/b/n' tried instead on input line 175.

<g2.pdf, id=79, 289.08pt x 289.08pt>
File: g2.pdf Graphic file (type pdf)
 <use g2.pdf>
Package pdftex.def Info: g2.pdf used on input line 181.
(pdftex.def)             Requested size: 145.11053pt x 145.10866pt.

<g3.pdf, id=80, 289.08pt x 289.08pt>
File: g3.pdf Graphic file (type pdf)
 <use g3.pdf>
Package pdftex.def Info: g3.pdf used on input line 188.
(pdftex.def)             Requested size: 145.11053pt x 145.10866pt.

Underfull \hbox (badness 3148) in paragraph at lines 189--189
[]\OT1/ppl/m/n/10 (c) |The so-lu-tion ac-cord-ing to
 []

[11 <C:/Advancement/g1.pdf> <C:/Advancement/g2.pdf> <C:/Advancement/g3.pdf>]
Overfull \hbox (5.30994pt too wide) in paragraph at lines 283--283
[]\OT1/ppl/b/n/14.4 Using Close, High, Low, Open Data for High-Frequency Data: 
a Monte
 []

[12] [13] <results-7-14-13-5-53.pdf, id=105, 505.89pt x 505.89pt>
File: results-7-14-13-5-53.pdf Graphic file (type pdf)

<use results-7-14-13-5-53.pdf>
Package pdftex.def Info: results-7-14-13-5-53.pdf used on input line 305.
(pdftex.def)             Requested size: 404.71254pt x 404.71254pt.
) [14] [15 <C:/Advancement/results-7-14-13-5-53.pdf>]
(C:\Advancement\chapter-3-two-dimensional-case\chapter-3-two-dimensional-case.t
ex
Chapter 3.
[16



]
<./chapter-3-two-dimensional-case/unmodified-reflection.pdf, id=122, 289.08pt x
 289.08pt>
File: ./chapter-3-two-dimensional-case/unmodified-reflection.pdf Graphic file (
type pdf)
 <use ./chapter-3-two-dimensional-case/unmodified-reflection.pdf>
Package pdftex.def Info: ./chapter-3-two-dimensional-case/unmodified-reflection
.pdf used on input line 73.
(pdftex.def)             Requested size: 193.47578pt x 193.47527pt.

<./chapter-3-two-dimensional-case/transformed-reflection.pdf, id=123, 289.08pt 
x 289.08pt>
File: ./chapter-3-two-dimensional-case/transformed-reflection.pdf Graphic file 
(type pdf)
 <use ./chapter-3-two-dimensional-case/transformed-reflection.pdf>
Package pdftex.def Info: ./chapter-3-two-dimensional-case/transformed-reflectio
n.pdf used on input line 80.
(pdftex.def)             Requested size: 193.47578pt x 193.47527pt.

[17] [18 <C:/Advancement/chapter-3-two-dimensional-case/unmodified-reflection.p
df> <C:/Advancement/chapter-3-two-dimensional-case/transformed-reflection.pdf

pdfTeX warning: pdflatex.EXE (file C:/Advancement/chapter-3-two-dimensional-cas
e/transformed-reflection.pdf): PDF inclusion: multiple pdfs with page group inc
luded in a single page
>]
Overfull \hbox (4.7195pt too wide) in alignment at lines 115--119
 [][][] []
 []


Overfull \hbox (15.93161pt too wide) in alignment at lines 122--125
 [][][] []
 []

[19] [20] [21]
Overfull \hbox (27.73515pt too wide) detected at line 244
[] \OT1/ptmcm/m/n/10.95 = []\OML/ptmcm/m/it/10.95 :
 []


LaTeX Warning: `h' float specifier changed to `ht'.


LaTeX Warning: `h' float specifier changed to `ht'.


LaTeX Warning: `h' float specifier changed to `ht'.

) [22] [23] [24]
(C:\Advancement\chapter-4-future-work\chapter-4-future-work.tex
Chapter 4.
[25



] [26] [27]
LaTeX Font Info:    Font shape `OT1/ptm/bx/n' in size <5> not available
(Font)              Font shape `OT1/ptm/b/n' tried instead on input line 156.
LaTeX Font Info:    Font shape `OT1/ppl/bx/n' in size <9> not available
(Font)              Font shape `OT1/ppl/b/n' tried instead on input line 156.

Underfull \hbox (badness 10000) in paragraph at lines 156--156
[]
 []


Overfull \hbox (408.7689pt too wide) in paragraph at lines 156--156
[]
 []

) [28] (C:\Advancement\advancement-Georgi-Dinolov.bbl [29


] [30]) [31]
(C:\Advancement\advancement-Georgi-Dinolov.aux
(C:\Advancement\chapter-1-introduction\chapter-1-introduction.aux)
(C:\Advancement\chapter-2-univariate-case\chapter-2-univariate-case.aux)
(C:\Advancement\chapter-3-two-dimensional-case\chapter-3-two-dimensional-case.a
ux) (C:\Advancement\chapter-4-future-work\chapter-4-future-work.aux))

LaTeX Warning: There were multiply-defined labels.

 ) 
Here is how much of TeX's memory you used:
 6583 strings out of 493921
 111567 string characters out of 3147279
 197483 words of memory out of 3000000
 9688 multiletter control sequences out of 15000+200000
 63691 words of font info for 130 fonts, out of 3000000 for 9000
 841 hyphenation exceptions out of 8191
 41i,12n,47p,2820b,516s stack positions out of 5000i,500n,10000p,200000b,50000s
{C:/Program Files/MiKTeX 2.9/fonts/enc/dvips/fontname/8r.enc}<C:/Program File
s/MiKTeX 2.9/fonts/type1/public/amsfonts/cm/cmex10.pfb><C:/Program Files/MiKTeX
 2.9/fonts/type1/public/amsfonts/cmextra/cmex9.pfb><C:/Program Files/MiKTeX 2.9
/fonts/type1/public/amsfonts/cm/cmmi10.pfb><C:/Program Files/MiKTeX 2.9/fonts/t
ype1/public/amsfonts/cm/cmr10.pfb><C:/Program Files/MiKTeX 2.9/fonts/type1/publ
ic/amsfonts/cm/cmsy10.pfb><C:/Program Files/MiKTeX 2.9/fonts/type1/urw/palatino
/uplb8a.pfb><C:/Program Files/MiKTeX 2.9/fonts/type1/urw/palatino/uplr8a.pfb><C
:/Program Files/MiKTeX 2.9/fonts/type1/urw/palatino/uplri8a.pfb><C:/Users/Georg
i/AppData/Roaming/MiKTeX/2.9/fonts/type1/urw/symbol/usyr.pfb><C:/Program Files/
MiKTeX 2.9/fonts/type1/urw/times/utmb8a.pfb><C:/Program Files/MiKTeX 2.9/fonts/
type1/urw/times/utmr8a.pfb><C:/Program Files/MiKTeX 2.9/fonts/type1/urw/times/u
tmri8a.pfb><C:/Program Files/MiKTeX 2.9/fonts/type1/urw/zapfchan/uzcmi8a.pfb>
Output written on advancement-Georgi-Dinolov.pdf (34 pages, 378726 bytes).
PDF statistics:
 228 PDF objects out of 1000 (max. 8388607)
 0 named destinations out of 1000 (max. 500000)
 51 words of extra memory for PDF output out of 10000 (max. 10000000)

