This is pdfTeX, Version 3.1415926-2.5-1.40.14 (MiKTeX 2.9 64-bit) (preloaded format=pdftex 2014.9.2)  2 SEP 2014 14:55
entering extended mode
**C:/Advancement/advancement-bibliography.bib
(C:/Advancement/advancement-bibliography.bib
Overfull \hbox (33.35727pt too wide) in paragraph at lines 35--45
[]\tenrm @articleabramov2007estimation, ti-tle=Estimation and pre-dic-tion of a
 non-constant volatil-ity, au-thor=Abramov,|

\hbox(6.94444+1.94444)x469.75499, glue set - 1.0
.\hbox(0.0+0.0)x20.0
.\tenrm @
.\tenrm a
.\tenrm r
.\tenrm t
.etc.


Overfull \hbox (8.95425pt too wide) in paragraph at lines 73--83
[]\tenrm @articlebollerslev1986, ti-tle=Generalized au-tore-gres-sive con-di-ti
onal het-eroskedas-tic-ity, au-thor=Bollerslev,|

\hbox(6.94444+1.94444)x469.75499, glue set - 1.0
.\hbox(0.0+0.0)x20.0
.\tenrm @
.\tenrm a
.\tenrm r
.\tenrm t
.etc.


Overfull \hbox (10.05167pt too wide) in paragraph at lines 73--83
\tenrm Tim, jour-nal=Journal of econo-met-rics, vol-ume=31, num-ber=3, pages=30
7--327, year=1986, pub-lisher=Elsevier|

\hbox(6.94444+1.94444)x469.75499, glue set - 1.0
.\tenrm T
.\tenrm i
.\tenrm m
.\tenrm ,
.\glue 3.33333 plus 2.08331 minus 0.88889
.etc.


Underfull \hbox (badness 10000) in paragraph at lines 73--83


\hbox(0.0+0.0)x469.75499
.\glue(\rightskip) 0.0


Overfull \hbox (0.38486pt too wide) in paragraph at lines 84--90
[]\tenrm @bookshephard2005selected-readings, ti-tle=Stochastic Volatil-ity: Se-
lected Read-ings, au-thor=Shephard,|

\hbox(6.94444+1.94444)x469.75499, glue set - 1.0
.\hbox(0.0+0.0)x20.0
.\tenrm @
.\tenrm b
.\kern0.27779
.\tenrm o
.etc.


Overfull \hbox (8.30048pt too wide) in paragraph at lines 137--147
[]\tenrm @articlenelson1990arch-approximations, ti-tle=ARCH mod-els as dif-fu-s
ion ap-prox-i-ma-tions, au-thor=Nelson,|

\hbox(6.94444+1.94444)x469.75499, glue set - 1.0
.\hbox(0.0+0.0)x20.0
.\tenrm @
.\tenrm a
.\tenrm r
.\tenrm t
.etc.


Overfull \hbox (13.9961pt too wide) in paragraph at lines 137--147
\tenrm Daniel B, jour-nal=Journal of econo-met-rics, vol-ume=45, num-ber=1, pag
es=7--38, year=1990, pub-lisher=Elsevier|

\hbox(6.94444+1.94444)x469.75499, glue set - 1.0
.\tenrm D
.\tenrm a
.\tenrm n
.\tenrm i
.\tenrm e
.etc.


Underfull \hbox (badness 10000) in paragraph at lines 137--147


\hbox(0.0+0.0)x469.75499
.\glue(\rightskip) 0.0


Overfull \hbox (10.3571pt too wide) in paragraph at lines 148--158
[]\tenrm @articlealizadeh2002range, title=Range-based es-ti-ma-tion of stochas-
tic volatil-ity mod-els, au-thor=Alizadeh,|

\hbox(6.94444+1.94444)x469.75499, glue set - 1.0
.\hbox(0.0+0.0)x20.0
.\tenrm @
.\tenrm a
.\tenrm r
.\tenrm t
.etc.

[1{C:/Users/Georgi/AppData/Local/MiKTeX/2.9/pdftex/config/pdftex.map}]
Overfull \hbox (29.19044pt too wide) in paragraph at lines 254--264
[]\tenrm @articleandersen2001distribution, ti-tle=The dis-tri-bu-tion of re-al-
ized ex-change rate volatil-ity, au-thor=Andersen,|

\hbox(6.94444+1.94444)x469.75499, glue set - 1.0
.\hbox(0.0+0.0)x20.0
.\tenrm @
.\tenrm a
.\tenrm r
.\tenrm t
.etc.


Overfull \hbox (27.96718pt too wide) in paragraph at lines 283--289
[]\tenrm @miscnelson1994asymptotic, ti-tle=Asymptotic fil-ter-ing the-ory for m
ul-ti-vari-ate ARCH mod-els, au-thor=Nelson,|

\hbox(6.94444+1.94444)x469.75499, glue set - 1.0
.\hbox(0.0+0.0)x20.0
.\tenrm @
.\tenrm m
.\tenrm i
.\tenrm s
.etc.


Overfull \hbox (40.30171pt too wide) in paragraph at lines 290--300
[]\tenrm @articlebarndorff2002estimating, ti-tle=Estimating quadratic vari-a-ti
on us-ing re-al-ized vari-ance, author=Barndorff-|

\hbox(6.94444+1.94444)x469.75499, glue set - 1.0
.\hbox(0.0+0.0)x20.0
.\tenrm @
.\tenrm a
.\tenrm r
.\tenrm t
.etc.


Overfull \hbox (13.91267pt too wide) in paragraph at lines 323--333
[]\tenrm @articlecomte1998long, ti-tle=Long mem-ory in continuous-time stochas-
tic volatil-ity mod-els, au-thor=Comte,|

\hbox(6.94444+1.94444)x469.75499, glue set - 1.0
.\hbox(0.0+0.0)x20.0
.\tenrm @
.\tenrm a
.\tenrm r
.\tenrm t
.etc.


Overfull \hbox (14.52391pt too wide) in paragraph at lines 323--333
\tenrm Fa-bi-enne and Re-nault, Eric, jour-nal=Mathematical Fi-nance, vol-ume=8
, num-ber=4, pages=291--323, year=1998,|

\hbox(6.94444+1.94444)x469.75499, glue set - 1.0
.\tenrm F
.\kern-0.83334
.\tenrm a
.\discretionary
..\tenrm -
.\tenrm b
.etc.


Overfull \hbox (7.50975pt too wide) in paragraph at lines 367--377
[]\tenrm @articlegeman2005measure, ti-tle=From mea-sure changes to time changes
 in as-set pric-ing, au-thor=Geman,|

\hbox(6.94444+1.94444)x469.75499, glue set - 1.0
.\hbox(0.0+0.0)x20.0
.\tenrm @
.\tenrm a
.\tenrm r
.\tenrm t
.etc.

[2]
Overfull \hbox (2.42545pt too wide) in paragraph at lines 420--430
[]\tenrm @articlebaillie1991bivariate, ti-tle=Bivariate GARCH es-ti-ma-tion of 
the op-ti-mal com-mod-ity fu-tures hedge,|

\hbox(6.94444+1.94444)x469.75499, glue set - 1.0
.\hbox(0.0+0.0)x20.0
.\tenrm @
.\tenrm a
.\tenrm r
.\tenrm t
.etc.


Overfull \hbox (9.96593pt too wide) in paragraph at lines 453--463
[]\tenrm @articlevrontos2000full, ti-tle=Full Bayesian in-fer-ence for GARCH an
d EGARCH mod-els, au-thor=Vrontos,|

\hbox(6.94444+1.94444)x469.75499, glue set - 1.0
.\hbox(0.0+0.0)x20.0
.\tenrm @
.\tenrm a
.\tenrm r
.\tenrm t
.etc.


Overfull \hbox (13.41267pt too wide) in paragraph at lines 519--529
[]\tenrm @articlemelino1990pricing, ti-tle=Pricing for-eign cur-rency op-tions 
with stochas-tic volatil-ity, au-thor=Melino,|

\hbox(6.94444+1.94444)x469.75499, glue set - 1.0
.\hbox(0.0+0.0)x20.0
.\tenrm @
.\tenrm a
.\tenrm r
.\tenrm t
.etc.


Overfull \hbox (18.63498pt too wide) in paragraph at lines 530--537
[]\tenrm @articlebrogaard2010high, ti-tle=High fre-quency trad-ing and its im-p
act on mar-ket qual-ity, au-thor=Brogaard,|

\hbox(6.94444+1.94444)x469.75499, glue set - 1.0
.\hbox(0.0+0.0)x20.0
.\tenrm @
.\tenrm a
.\tenrm r
.\tenrm t
.etc.


Overfull \hbox (15.24603pt too wide) in paragraph at lines 538--546
[]\tenrm @articlemandelbrot1967variation, ti-tle=The vari-a-tion of some other 
spec-u-la-tive prices, au-thor=Mandelbrot,|

\hbox(6.94444+1.94444)x469.75499, glue set - 1.0
.\hbox(0.0+0.0)x20.0
.\tenrm @
.\tenrm a
.\tenrm r
.\tenrm t
.etc.

[3]
Overfull \hbox (6.0793pt too wide) in paragraph at lines 587--595
[]\tenrm @articleuhlig1997bayesian, ti-tle=Bayesian vec-tor au-tore-gres-sions 
with stochas-tic volatil-ity, au-thor=Uhlig,|

\hbox(6.94444+1.94444)x469.75499, glue set - 1.0
.\hbox(0.0+0.0)x20.0
.\tenrm @
.\tenrm a
.\tenrm r
.\tenrm t
.etc.


Overfull \hbox (18.52386pt too wide) in paragraph at lines 587--595
\tenrm Har-ald, jour-nal=Econometrica: Jour-nal of the Econo-met-ric So-ci-ety,
 pages=59--73, year=1997, pub-lisher=JSTOR|

\hbox(6.94444+1.94444)x469.75499, glue set - 1.0
.\tenrm H
.\tenrm a
.\tenrm r
.\discretionary
..\tenrm -
.\tenrm a
.etc.


Underfull \hbox (badness 10000) in paragraph at lines 587--595


\hbox(0.0+0.0)x469.75499
.\glue(\rightskip) 0.0


Overfull \hbox (12.1349pt too wide) in paragraph at lines 605--615
\tenrm model com-par-i-son, au-thor=Yu, Jun and Meyer, Re-nate, jour-nal=Econom
etric Re-views, vol-ume=25, number=2-|

\hbox(6.94444+1.94444)x469.75499, glue set - 1.0
.\tenrm m
.\tenrm o
.\kern0.27779
.\tenrm d
.\tenrm e
.etc.


Overfull \hbox (13.16284pt too wide) in paragraph at lines 627--633
[]\tenrm @bookfreedman1971brownian, ti-tle=Brownian mo-tion and dif-fu-sion, au
-thor=Freedman, David, year=1971,|

\hbox(6.94444+1.94444)x469.75499, glue set - 1.0
.\hbox(0.0+0.0)x20.0
.\tenrm @
.\tenrm b
.\kern0.27779
.\tenrm o
.etc.


Overfull \hbox (16.52386pt too wide) in paragraph at lines 641--649
\tenrm age, au-thor=Ishihara, Tsune-hiro and Omori, Ya-suhiro, book-ti-tle=Proc
eedings of COMP-STAT'2010, pages=315--|

\hbox(6.94444+1.94444)x469.75499, glue set - 1.0
.\tenrm a
.\tenrm g
.\tenrm e
.\tenrm ,
.\glue 3.33333 plus 2.08331 minus 0.88889
.etc.

)
*
! Emergency stop.
<*> C:/Advancement/advancement-bibliography.bib
                                               
End of file on the terminal!

!  ==> Fatal error occurred, no output PDF file produced!
